2023-08-27 18:47:08 下午 [Thread: main][ Class:com.ly.Main >> Method: com.ly.Main.main(Main.java:15) ]
INFO:当前目录:D:\Users\ly\Documents\git\collateFile
2023-08-27 18:47:08 下午 [Thread: main][ Class:com.ly.utils.FileHandler >> Method: com.ly.utils.FileHandler.handle(FileHandler.java:77) ]
INFO:--start--重复的文件

2023-08-27 18:47:08 下午 [Thread: main][ Class:com.ly.utils.FileHandler >> Method: com.ly.utils.FileHandler.lambda$handle$0(FileHandler.java:79) ]
INFO:a_221116_214855.txt
2023-08-27 18:47:08 下午 [Thread: main][ Class:com.ly.utils.FileHandler >> Method: com.ly.utils.FileHandler.lambda$handle$0(FileHandler.java:79) ]
INFO:a_221116_214865 (13).txt
2023-08-27 18:47:08 下午 [Thread: main][ Class:com.ly.utils.FileHandler >> Method: com.ly.utils.FileHandler.lambda$handle$0(FileHandler.java:79) ]
INFO:a_221116_214865 (2).txt
2023-08-27 18:47:08 下午 [Thread: main][ Class:com.ly.utils.FileHandler >> Method: com.ly.utils.FileHandler.lambda$handle$0(FileHandler.java:79) ]
INFO:a_221116_214865 (3).txt
2023-08-27 18:47:08 下午 [Thread: main][ Class:com.ly.utils.FileHandler >> Method: com.ly.utils.FileHandler.lambda$handle$0(FileHandler.java:79) ]
INFO:a_221116_214865.txt
2023-08-27 18:47:08 下午 [Thread: main][ Class:com.ly.utils.FileHandler >> Method: com.ly.utils.FileHandler.lambda$handle$0(FileHandler.java:79) ]
INFO:a_221116_214866 (1).txt
2023-08-27 18:47:08 下午 [Thread: main][ Class:com.ly.utils.FileHandler >> Method: com.ly.utils.FileHandler.handle(FileHandler.java:100) ]
INFO:--end--重复的文件

2023-08-27 18:47:08 下午 [Thread: main][ Class:com.ly.utils.FileHandler >> Method: com.ly.utils.FileHandler.handle(FileHandler.java:101) ]
INFO:文件最大的是：a_221116_214866 (1).txt
2023-08-27 18:47:08 下午 [Thread: main][ Class:com.ly.utils.FileHandler >> Method: com.ly.utils.FileHandler.handle(FileHandler.java:107) ]
INFO:需要拷贝的文件a_221116_214866 (1).txt
2023-08-27 18:47:08 下午 [Thread: main][ Class:com.ly.utils.FileHandler >> Method: com.ly.utils.FileHandler.handle(FileHandler.java:111) ]
INFO:从：D:\Users\ly\Documents\git\collateFile\src\main\resources\lyTest\a_221116_214866 (1).txt
2023-08-27 18:47:08 下午 [Thread: main][ Class:com.ly.utils.FileHandler >> Method: com.ly.utils.FileHandler.handle(FileHandler.java:112) ]
INFO:拷贝到:D:\Users\ly\Documents\git\collateFile\src\main\resources\lyTest\a.txt
2023-08-27 18:47:08 下午 [Thread: main][ Class:com.ly.utils.FileHandler >> Method: com.ly.utils.FileHandler.handle(FileHandler.java:136) ]
INFO:文件：a_221116_214855.txt--删除成功
2023-08-27 18:47:08 下午 [Thread: main][ Class:com.ly.utils.FileHandler >> Method: com.ly.utils.FileHandler.handle(FileHandler.java:136) ]
INFO:文件：a_221116_214865 (13).txt--删除成功
2023-08-27 18:47:08 下午 [Thread: main][ Class:com.ly.utils.FileHandler >> Method: com.ly.utils.FileHandler.handle(FileHandler.java:136) ]
INFO:文件：a_221116_214865 (2).txt--删除成功
2023-08-27 18:47:08 下午 [Thread: main][ Class:com.ly.utils.FileHandler >> Method: com.ly.utils.FileHandler.handle(FileHandler.java:136) ]
INFO:文件：a_221116_214865 (3).txt--删除成功
2023-08-27 18:47:08 下午 [Thread: main][ Class:com.ly.utils.FileHandler >> Method: com.ly.utils.FileHandler.handle(FileHandler.java:136) ]
INFO:文件：a_221116_214865.txt--删除成功
2023-08-27 18:47:08 下午 [Thread: main][ Class:com.ly.utils.FileHandler >> Method: com.ly.utils.FileHandler.handle(FileHandler.java:136) ]
INFO:文件：a_221116_214866 (1).txt--删除成功
2023-08-27 18:47:08 下午 [Thread: main][ Class:com.ly.utils.FileHandler >> Method: com.ly.utils.FileHandler.handle(FileHandler.java:77) ]
INFO:--start--重复的文件

2023-08-27 18:47:08 下午 [Thread: main][ Class:com.ly.utils.FileHandler >> Method: com.ly.utils.FileHandler.lambda$handle$0(FileHandler.java:79) ]
INFO:a_221116_214855.txt
2023-08-27 18:47:08 下午 [Thread: main][ Class:com.ly.utils.FileHandler >> Method: com.ly.utils.FileHandler.lambda$handle$0(FileHandler.java:79) ]
INFO:a_221116_214865 (13).txt
2023-08-27 18:47:08 下午 [Thread: main][ Class:com.ly.utils.FileHandler >> Method: com.ly.utils.FileHandler.lambda$handle$0(FileHandler.java:79) ]
INFO:a_221116_214865 (2).txt
2023-08-27 18:47:08 下午 [Thread: main][ Class:com.ly.utils.FileHandler >> Method: com.ly.utils.FileHandler.lambda$handle$0(FileHandler.java:79) ]
INFO:a_221116_214865 (3).txt
2023-08-27 18:47:08 下午 [Thread: main][ Class:com.ly.utils.FileHandler >> Method: com.ly.utils.FileHandler.lambda$handle$0(FileHandler.java:79) ]
INFO:a_221116_214865.txt
2023-08-27 18:47:08 下午 [Thread: main][ Class:com.ly.utils.FileHandler >> Method: com.ly.utils.FileHandler.lambda$handle$0(FileHandler.java:79) ]
INFO:a_221116_214866 (1).txt
2023-08-27 18:47:08 下午 [Thread: main][ Class:com.ly.utils.FileHandler >> Method: com.ly.utils.FileHandler.handle(FileHandler.java:100) ]
INFO:--end--重复的文件

2023-08-27 18:47:08 下午 [Thread: main][ Class:com.ly.utils.FileHandler >> Method: com.ly.utils.FileHandler.handle(FileHandler.java:101) ]
INFO:文件最大的是：a_221116_214866 (1).txt
2023-08-27 18:47:08 下午 [Thread: main][ Class:com.ly.utils.FileHandler >> Method: com.ly.utils.FileHandler.handle(FileHandler.java:107) ]
INFO:需要拷贝的文件a_221116_214866 (1).txt
2023-08-27 18:47:08 下午 [Thread: main][ Class:com.ly.utils.FileHandler >> Method: com.ly.utils.FileHandler.handle(FileHandler.java:111) ]
INFO:从：D:\Users\ly\Documents\git\collateFile\target\classes\lyTest\a_221116_214866 (1).txt
2023-08-27 18:47:08 下午 [Thread: main][ Class:com.ly.utils.FileHandler >> Method: com.ly.utils.FileHandler.handle(FileHandler.java:112) ]
INFO:拷贝到:D:\Users\ly\Documents\git\collateFile\target\classes\lyTest\a.txt
2023-08-27 18:47:08 下午 [Thread: main][ Class:com.ly.utils.FileHandler >> Method: com.ly.utils.FileHandler.handle(FileHandler.java:136) ]
INFO:文件：a_221116_214855.txt--删除成功
2023-08-27 18:47:08 下午 [Thread: main][ Class:com.ly.utils.FileHandler >> Method: com.ly.utils.FileHandler.handle(FileHandler.java:136) ]
INFO:文件：a_221116_214865 (13).txt--删除成功
2023-08-27 18:47:08 下午 [Thread: main][ Class:com.ly.utils.FileHandler >> Method: com.ly.utils.FileHandler.handle(FileHandler.java:136) ]
INFO:文件：a_221116_214865 (2).txt--删除成功
2023-08-27 18:47:08 下午 [Thread: main][ Class:com.ly.utils.FileHandler >> Method: com.ly.utils.FileHandler.handle(FileHandler.java:136) ]
INFO:文件：a_221116_214865 (3).txt--删除成功
2023-08-27 18:47:08 下午 [Thread: main][ Class:com.ly.utils.FileHandler >> Method: com.ly.utils.FileHandler.handle(FileHandler.java:136) ]
INFO:文件：a_221116_214865.txt--删除成功
2023-08-27 18:47:08 下午 [Thread: main][ Class:com.ly.utils.FileHandler >> Method: com.ly.utils.FileHandler.handle(FileHandler.java:136) ]
INFO:文件：a_221116_214866 (1).txt--删除成功
